<?xml version="1.0" encoding="UTF-8"?>
<!-- Generated by org.testng.reporters.JUnitReportReporter -->
<testsuite hostname="DESKTOP-KO67GAM" failures="0" tests="3" name="selenium.TestSelenium" time="56.991" errors="0" timestamp="2022-10-25T15:37:55 CEST" skipped="0">
  <testcase classname="selenium.TestSelenium" name="signUpFilling" time="14.909"/>
  <system-out/>
  <testcase classname="selenium.TestSelenium" name="lambdaError" time="12.373"/>
  <system-out/>
  <testcase classname="selenium.TestSelenium" name="loginSuccess" time="29.709"/>
  <system-out/>
</testsuite> <!-- selenium.TestSelenium -->
