<?xml version="1.0" encoding="UTF-8"?>
<!-- Generated by org.testng.reporters.JUnitReportReporter -->
<testsuite hostname="DESKTOP-KO67GAM" failures="0" tests="2" name="selenium.TestSeleniumParallel" time="18.944" errors="0" timestamp="2022-10-25T16:25:20 CEST" skipped="0">
  <testcase classname="selenium.TestSeleniumParallel" name="calcTest" time="10.574"/>
  <system-out/>
  <testcase classname="selenium.TestSeleniumParallel" name="sqrtTest" time="8.370"/>
  <system-out/>
</testsuite> <!-- selenium.TestSeleniumParallel -->
