<?xml version="1.0" encoding="UTF-8"?>
<!-- Generated by org.testng.reporters.JUnitReportReporter -->
<testsuite hostname="DESKTOP-KO67GAM" failures="0" tests="1" name="selenium.Test" time="1.955" errors="0" timestamp="2022-10-24T17:59:56 CEST" skipped="0">
  <testcase classname="selenium.Test" name="calcTest" time="1.955"/>
  <system-out/>
</testsuite> <!-- selenium.Test -->
