<?xml version="1.0" encoding="UTF-8"?>
<!-- Generated by org.testng.reporters.JUnitReportReporter -->
<testsuite hostname="DESKTOP-KO67GAM" failures="0" tests="8" name="selenium.TestSelenium" time="53.089" errors="0" timestamp="2022-11-04T14:32:16 CET" skipped="0">
  <testcase classname="selenium.TestSelenium" name="selectCities" time="9.219"/>
  <system-out/>
  <testcase classname="selenium.TestSelenium" name="selectBadDate" time="6.272"/>
  <system-out/>
  <testcase classname="selenium.TestSelenium" name="selectDate" time="6.371"/>
  <system-out/>
  <testcase classname="selenium.TestSelenium" name="filterFligth" time="6.405"/>
  <system-out/>
  <testcase classname="selenium.TestSelenium" name="selectFlight" time="6.205"/>
  <system-out/>
  <testcase classname="selenium.TestSelenium" name="changePassengersPriceUpdate" time="6.190"/>
  <system-out/>
  <testcase classname="selenium.TestSelenium" name="clickInfoshowsInfo" time="6.180"/>
  <system-out/>
  <testcase classname="selenium.TestSelenium" name="windowReloadKeepsState" time="6.247"/>
  <system-out/>
</testsuite> <!-- selenium.TestSelenium -->
