<?xml version="1.0" encoding="UTF-8"?>
<!-- Generated by org.testng.reporters.JUnitReportReporter -->
<testsuite hostname="DESKTOP-KO67GAM" failures="0" tests="8" name="selenium.TestSelenium" time="53.879" errors="0" timestamp="2022-11-04T13:55:02 CET" skipped="0">
  <testcase classname="selenium.TestSelenium" name="selectCities" time="9.211"/>
  <system-out/>
  <testcase classname="selenium.TestSelenium" name="selectBadDate" time="6.296"/>
  <system-out/>
  <testcase classname="selenium.TestSelenium" name="selectDate" time="7.115"/>
  <system-out/>
  <testcase classname="selenium.TestSelenium" name="filterFligth" time="6.421"/>
  <system-out/>
  <testcase classname="selenium.TestSelenium" name="selectFlight" time="6.208"/>
  <system-out/>
  <testcase classname="selenium.TestSelenium" name="changePassengersPriceUpdate" time="6.171"/>
  <system-out/>
  <testcase classname="selenium.TestSelenium" name="clickInfoshowsInfo" time="6.211"/>
  <system-out/>
  <testcase classname="selenium.TestSelenium" name="windowReloadKeepsState" time="6.246"/>
  <system-out/>
</testsuite> <!-- selenium.TestSelenium -->
