<?xml version="1.0" encoding="UTF-8"?>
<!-- Generated by org.testng.reporters.JUnitReportReporter -->
<testsuite hostname="DESKTOP-KO67GAM" failures="0" tests="8" name="selenium.TestSelenium" time="40.043" errors="0" timestamp="2022-11-04T16:13:15 CET" skipped="0">
  <testcase classname="selenium.TestSelenium" name="selectCities" time="9.133"/>
  <system-out/>
  <testcase classname="selenium.TestSelenium" name="selectBadDate" time="6.133"/>
  <system-out/>
  <testcase classname="selenium.TestSelenium" name="selectDate" time="6.195"/>
  <system-out/>
  <testcase classname="selenium.TestSelenium" name="filterFligth" time="6.193"/>
  <system-out/>
  <testcase classname="selenium.TestSelenium" name="selectFlight" time="3.097"/>
  <system-out/>
  <testcase classname="selenium.TestSelenium" name="changePassengersPriceUpdate" time="3.080"/>
  <system-out/>
  <testcase classname="selenium.TestSelenium" name="clickInfoshowsInfo" time="3.072"/>
  <system-out/>
  <testcase classname="selenium.TestSelenium" name="windowReloadKeepsState" time="3.140"/>
  <system-out/>
</testsuite> <!-- selenium.TestSelenium -->
