<?xml version="1.0" encoding="UTF-8"?>
<!-- Generated by org.testng.reporters.JUnitReportReporter -->
<testsuite skipped="0" hostname="DESKTOP-KO67GAM" name="HearthStoneAPITest" tests="1" failures="0" timestamp="2022-10-28T20:44:59 CEST" time="2.013" errors="0">
  <testcase name="apiQueryResponse" time="2.013" classname="HearthStoneAPITest"/>
  <system-out/>
</testsuite> <!-- HearthStoneAPITest -->
