<?xml version="1.0" encoding="UTF-8"?>
<!-- Generated by org.testng.reporters.JUnitReportReporter -->
<testsuite skipped="0" hostname="DESKTOP-KO67GAM" name="ChuckNorrisAPITest" tests="2" failures="0" timestamp="2022-10-28T20:44:59 CEST" time="1.798" errors="0">
  <testcase name="apiQueryResponse" time="1.407" classname="ChuckNorrisAPITest"/>
  <system-out/>
  <testcase name="randomResponse" time="0.391" classname="ChuckNorrisAPITest"/>
  <system-out/>
</testsuite> <!-- ChuckNorrisAPITest -->
