<?xml version="1.0" encoding="UTF-8" ?>
<testsuite tests="3" failures="0" name="TestSuite" time="3.813" errors="0" skipped="0">
  <properties>
    <property name="DISPLAY" value="needs-to-be-defined"/>
    <property name="PROCESSOR_ARCHITECTURE" value="x86"/>
    <property name="file.encoding.pkg" value="sun.io"/>
    <property name="MINGW_CHOST" value="x86_64-w64-mingw32"/>
    <property name="LOGONSERVER" value="\\DESKTOP-KO67GAM"/>
    <property name="ProgramData" value="C:\ProgramData"/>
    <property name="java.home" value="C:\Program Files (x86)\OpenJDK\jdk-8.0.342.07-hotspot\jre"/>
    <property name="ACLOCAL_PATH" value="C:\Program Files\Git\mingw64\share\aclocal;C:\Program Files\Git\usr\share\aclocal"/>
    <property name="MSYSTEM" value="MINGW64"/>
    <property name="NODE_NAME" value="built-in"/>
    <property name="PWD" value="C:/Program Files/Jenkins"/>
    <property name="JENKINS_URL" value="http://localhost:8080/"/>
    <property name="TERM_PROGRAM_VERSION" value="3.6.1"/>
    <property name="ALLUSERSPROFILE" value="C:\ProgramData"/>
    <property name="java.endorsed.dirs" value="C:\Program Files (x86)\OpenJDK\jdk-8.0.342.07-hotspot\jre\lib\endorsed"/>
    <property name="OneDriveCommercial" value="C:\Users\Leonardo.Angelit\OneDrive - Solera Holdings, Inc"/>
    <property name="PSModulePath" value="C:\Program Files\WindowsPowerShell\Modules;C:\Windows\system32\WindowsPowerShell\v1.0\Modules"/>
    <property name="=::" value="::\"/>
    <property name="USERDOMAIN" value="INT"/>
    <property name="ORIGINAL_PATH" value="C:\Program Files\Git\mingw64\bin;C:\Program Files\Git\usr\bin;C:\Users\Leonardo.Angelit\bin;C:\Program Files (x86)\OpenJDK\jdk-8.0.342.07-hotspot\bin;C:\Windows\system32;C:\Windows;C:\Windows\System32\Wbem;C:\Windows\System32\WindowsPowerShell\v1.0;C:\Windows\System32\OpenSSH;C:\Program Files (x86)\NVIDIA Corporation\PhysX\Common;C:\Program Files\dotnet;C:\Program Files\Microsoft SQL Server\150\Tools\Binn;C:\Program Files\Microsoft SQL Server\Client SDK\ODBC\170\Tools\Binn;C:\Program Files\Maven\apache-maven-3.8.6\bin;C:\Program Files\Git\cmd;C:\Program Files\nodejs;C:\Program Files\Docker\Docker\resources\bin;C:\ProgramData\DockerDesktop\version-bin;C:\Gradle\bin;C:\Users\Leonardo.Angelit\AppData\Local\Microsoft\WindowsApps;C:\Users\Leonardo.Angelit\.dotnet\tools;C:\Users\Leonardo.Angelit\AppData\Local\Programs\Microsoft VS Code\bin;C:\Users\Leonardo.Angelit\AppData\Roaming\npm;C:\Users\Leonardo.Angelit\AppData\Local\GitHubDesktop\bin"/>
    <property name="sun.os.patch.level" value=""/>
    <property name="java.vendor.url" value="http://java.oracle.com/"/>
    <property name="PKG_CONFIG_PATH" value="C:\Program Files\Git\mingw64\lib\pkgconfig;C:\Program Files\Git\mingw64\share\pkgconfig"/>
    <property name="CommonProgramFiles(x86)" value="C:\Program Files (x86)\Common Files"/>
    <property name="java.version" value="1.8.0_342-342"/>
    <property name="JOB_NAME" value="TestNGRestAssuredJob"/>
    <property name="COMPUTERNAME" value="DESKTOP-KO67GAM"/>
    <property name="SYSTEMDRIVE" value="C:"/>
    <property name="java.vendor.url.bug" value="http://bugreport.sun.com/bugreport/"/>
    <property name="PUBLIC" value="C:\Users\Public"/>
    <property name="CONFIG_SITE" value="C:/Program Files/Git/etc/config.site"/>
    <property name="user.name" value="Leonardo.Angelit"/>
    <property name="sun.io.unicode.encoding" value="UnicodeLittle"/>
    <property name="sun.jnu.encoding" value="Cp1252"/>
    <property name="java.runtime.name" value="OpenJDK Runtime Environment"/>
    <property name="LC_CTYPE" value="en_US.UTF-8"/>
    <property name="PROCESSOR_IDENTIFIER" value="Intel64 Family 6 Model 154 Stepping 3, GenuineIntel"/>
    <property name="java.specification.name" value="Java Platform API Specification"/>
    <property name="LOCALAPPDATA" value="C:\Users\Leonardo.Angelit\AppData\Local"/>
    <property name="RUN_CHANGES_DISPLAY_URL" value="http://localhost:8080/job/TestNGRestAssuredJob/19/display/redirect?page=changes"/>
    <property name="MSYSTEM_CARCH" value="x86_64"/>
    <property name="user.timezone" value="Europe/Paris"/>
    <property name="PROCESSOR_ARCHITEW6432" value="AMD64"/>
    <property name="INFOPATH" value="C:\Program Files\Git\usr\local\info;C:\Program Files\Git\usr\share\info;C:\Program Files\Git\usr\info;C:\Program Files\Git\share\info"/>
    <property name="user.script" value=""/>
    <property name="path.separator" value=";"/>
    <property name="NUMBER_OF_PROCESSORS" value="20"/>
    <property name="BUILD_TAG" value="jenkins-TestNGRestAssuredJob-19"/>
    <property name="TERM" value="xterm"/>
    <property name="file.encoding" value="Cp1252"/>
    <property name="PATH" value="C:\Program Files (x86)\OpenJDK\jdk-8.0.342.07-hotspot/bin;C:\Users\Leonardo.Angelit\bin;C:\Program Files\Git\mingw64\bin;C:\Program Files\Git\usr\local\bin;C:\Program Files\Git\usr\bin;C:\Program Files\Git\usr\bin;C:\Program Files\Git\mingw64\bin;C:\Program Files\Git\usr\bin;C:\Users\Leonardo.Angelit\bin;C:\Program Files (x86)\OpenJDK\jdk-8.0.342.07-hotspot\bin;C:\Windows\system32;C:\Windows;C:\Windows\System32\Wbem;C:\Windows\System32\WindowsPowerShell\v1.0;C:\Windows\System32\OpenSSH;C:\Program Files (x86)\NVIDIA Corporation\PhysX\Common;C:\Program Files\dotnet;C:\Program Files\Microsoft SQL Server\150\Tools\Binn;C:\Program Files\Microsoft SQL Server\Client SDK\ODBC\170\Tools\Binn;C:\Program Files\Maven\apache-maven-3.8.6\bin;C:\Program Files\Git\cmd;C:\Program Files\nodejs;C:\Program Files\Docker\Docker\resources\bin;C:\ProgramData\DockerDesktop\version-bin;C:\Gradle\bin;C:\Users\Leonardo.Angelit\AppData\Local\Microsoft\WindowsApps;C:\Users\Leonardo.Angelit\.dotnet\tools;C:\Users\Leonardo.Angelit\AppData\Local\Programs\Microsoft VS Code\bin;C:\Users\Leonardo.Angelit\AppData\Roaming\npm;C:\Users\Leonardo.Angelit\AppData\Local\GitHubDesktop\bin;C:\Program Files\Git\usr\bin\vendor_perl;C:\Program Files\Git\usr\bin\core_perl"/>
    <property name="sun.java.command" value="jenkins.maven3.agent.Maven35Main C:\Program Files\Maven\apache-maven-3.8.6 C:\Users\Leonardo.Angelit\.jenkins\war\WEB-INF\lib\remoting-4.13.2.jar C:\Users\Leonardo.Angelit\.jenkins\plugins\maven-plugin\WEB-INF\lib\maven35-interceptor-1.13.jar C:\Users\Leonardo.Angelit\.jenkins\plugins\maven-plugin\WEB-INF\lib\maven3-interceptor-commons-1.13.jar 60009"/>
    <property name="HUDSON_URL" value="http://localhost:8080/"/>
    <property name="JENKINS_SERVER_COOKIE" value="36227e40ee728f82"/>
    <property name="EXECUTOR_NUMBER" value="1"/>
    <property name="PLINK_PROTOCOL" value="ssh"/>
    <property name="MANPATH" value="C:\Program Files\Git\mingw64\local\man;C:\Program Files\Git\mingw64\share\man;C:\Program Files\Git\usr\local\man;C:\Program Files\Git\usr\share\man;C:\Program Files\Git\usr\man;C:\Program Files\Git\share\man"/>
    <property name="java.io.tmpdir" value="C:\Users\LEONAR~1.ANG\AppData\Local\Temp\"/>
    <property name="APPDATA" value="C:\Users\Leonardo.Angelit\AppData\Roaming"/>
    <property name="user.language" value="en"/>
    <property name="SYSTEMROOT" value="C:\Windows"/>
    <property name="line.separator" value="
"/>
    <property name="BUILD_URL" value="http://localhost:8080/job/TestNGRestAssuredJob/19/"/>
    <property name="SHLVL" value="1"/>
    <property name="M2_HOME" value="C:\Program Files\Maven\apache-maven-3.8.6"/>
    <property name="COMMONPROGRAMFILES" value="C:\Program Files (x86)\Common Files"/>
    <property name="ZES_ENABLE_SYSMAN" value="1"/>
    <property name="java.vm.info" value="mixed mode"/>
    <property name="DriverData" value="C:\Windows\System32\Drivers\DriverData"/>
    <property name="sun.desktop" value="windows"/>
    <property name="java.vm.specification.name" value="Java Virtual Machine Specification"/>
    <property name="CI" value="true"/>
    <property name="BUILD_DISPLAY_NAME" value="#19"/>
    <property name="OS" value="Windows_NT"/>
    <property name="guice.disable.misplaced.annotation.check" value="true"/>
    <property name="HUDSON_SERVER_COOKIE" value="36227e40ee728f82"/>
    <property name="PS1" value="\[\033]0;$TITLEPREFIX:C:/Program Files/Jenkins\007\]\n\[\033[32m\]\u@\h \[\033[35m\]MINGW64 \[\033[33m\]\w\[\033[36m\]`__git_ps1`\[\033[0m\]\n$ "/>
    <property name="WORKSPACE_TMP" value="C:\Users\Leonardo.Angelit\eclipse-workspace\ApiAutomation@tmp"/>
    <property name="MAVEN_HOME" value="C:\Program Files\Maven\apache-maven-3.8.6"/>
    <property name="SESSIONNAME" value="Console"/>
    <property name="PATHEXT" value=".COM;.EXE;.BAT;.CMD;.VBS;.VBE;.JS;.JSE;.WSF;.WSH;.MSC"/>
    <property name="java.awt.printerjob" value="sun.awt.windows.WPrinterJob"/>
    <property name="maven3.interceptor.common" value="C:\Users\Leonardo.Angelit\.jenkins\plugins\maven-plugin\WEB-INF\lib\maven3-interceptor-commons-1.13.jar"/>
    <property name="CLASSPATH" value=""/>
    <property name="ORIGINAL_TEMP" value="C:/Users/LEONAR~1.ANG/AppData/Local/Temp"/>
    <property name="user.country.format" value="150"/>
    <property name="jansi.mode" value="strip"/>
    <property name="HOMEPATH" value="\Users\Leonardo.Angelit"/>
    <property name="TMPDIR" value="C:\Users\LEONAR~1.ANG\AppData\Local\Temp"/>
    <property name="TNS_ADMIN" value="\\axesl-sr-bl110.int.audatex.com\scriptsdev"/>
    <property name="os.name" value="Windows 10"/>
    <property name="java.specification.vendor" value="Oracle Corporation"/>
    <property name="java.vm.name" value="OpenJDK Server VM"/>
    <property name="BUILD_NUMBER" value="19"/>
    <property name="maven3.interceptor" value="C:\Users\Leonardo.Angelit\.jenkins\plugins\maven-plugin\WEB-INF\lib\maven35-interceptor-1.13.jar"/>
    <property name="java.library.path" value="C:\Program Files (x86)\OpenJDK\jdk-8.0.342.07-hotspot\bin;C:\Windows\Sun\Java\bin;C:\Windows\system32;C:\Windows;C:\Program Files\Maven\apache-maven-3.8.6/bin;C:\Program Files (x86)\OpenJDK\jdk-8.0.342.07-hotspot/bin;C:\Program Files (x86)\OpenJDK\jdk-8.0.342.07-hotspot/bin;C:\Users\Leonardo.Angelit\bin;C:\Program Files\Git\mingw64\bin;C:\Program Files\Git\usr\local\bin;C:\Program Files\Git\usr\bin;C:\Program Files\Git\usr\bin;C:\Program Files\Git\mingw64\bin;C:\Program Files\Git\usr\bin;C:\Users\Leonardo.Angelit\bin;C:\Program Files (x86)\OpenJDK\jdk-8.0.342.07-hotspot\bin;C:\Windows\system32;C:\Windows;C:\Windows\System32\Wbem;C:\Windows\System32\WindowsPowerShell\v1.0;C:\Windows\System32\OpenSSH;C:\Program Files (x86)\NVIDIA Corporation\PhysX\Common;C:\Program Files\dotnet;C:\Program Files\Microsoft SQL Server\150\Tools\Binn;C:\Program Files\Microsoft SQL Server\Client SDK\ODBC\170\Tools\Binn;C:\Program Files\Maven\apache-maven-3.8.6\bin;C:\Program Files\Git\cmd;C:\Program Files\nodejs;C:\Program Files\Docker\Docker\resources\bin;C:\ProgramData\DockerDesktop\version-bin;C:\Gradle\bin;C:\Users\Leonardo.Angelit\AppData\Local\Microsoft\WindowsApps;C:\Users\Leonardo.Angelit\.dotnet\tools;C:\Users\Leonardo.Angelit\AppData\Local\Programs\Microsoft VS Code\bin;C:\Users\Leonardo.Angelit\AppData\Roaming\npm;C:\Users\Leonardo.Angelit\AppData\Local\GitHubDesktop\bin;C:\Program Files\Git\usr\bin\vendor_perl;C:\Program Files\Git\usr\bin\core_perl;."/>
    <property name="HOMEDRIVE" value="C:"/>
    <property name="POM_GROUPID" value="solera.leonardoangelit"/>
    <property name="POM_ARTIFACTID" value="ApiAutomation"/>
    <property name="java.class.version" value="52.0"/>
    <property name="JOB_URL" value="http://localhost:8080/job/TestNGRestAssuredJob/"/>
    <property name="OneDrive" value="C:\Users\Leonardo.Angelit\OneDrive - Solera Holdings, Inc"/>
    <property name="MINGW_PACKAGE_PREFIX" value="mingw-w64-x86_64"/>
    <property name="RUN_DISPLAY_URL" value="http://localhost:8080/job/TestNGRestAssuredJob/19/display/redirect"/>
    <property name="JENKINS_HOME" value="C:\Users\Leonardo.Angelit\.jenkins"/>
    <property name="BUILD_ID" value="19"/>
    <property name="TEMP" value="C:\Users\LEONAR~1.ANG\AppData\Local\Temp"/>
    <property name="sun.boot.library.path" value="C:\Program Files (x86)\OpenJDK\jdk-8.0.342.07-hotspot\jre\bin"/>
    <property name="MSYSTEM_PREFIX" value="C:/Program Files/Git/mingw64"/>
    <property name="sun.management.compiler" value="HotSpot Tiered Compilers"/>
    <property name="java.awt.graphicsenv" value="sun.awt.Win32GraphicsEnvironment"/>
    <property name="user.variant" value=""/>
    <property name="PROCESSOR_REVISION" value="9a03"/>
    <property name="POM_VERSION" value="0.0.1-SNAPSHOT"/>
    <property name="HUDSON_HOME" value="C:\Users\Leonardo.Angelit\.jenkins"/>
    <property name="COMSPEC" value="C:\Windows\system32\cmd.exe"/>
    <property name="ProgramFiles(x86)" value="C:\Program Files (x86)"/>
    <property name="PATH+MAVEN" value="C:\Program Files\Maven\apache-maven-3.8.6/bin"/>
    <property name="USERDOMAIN_ROAMINGPROFILE" value="INT"/>
    <property name="RUN_ARTIFACTS_DISPLAY_URL" value="http://localhost:8080/job/TestNGRestAssuredJob/19/display/redirect?page=artifacts"/>
    <property name="TERM_PROGRAM" value="mintty"/>
    <property name="java.vm.specification.version" value="1.8"/>
    <property name="JAVA_HOME" value="C:\Program Files (x86)\OpenJDK\jdk-8.0.342.07-hotspot"/>
    <property name="SHELL" value="C:\Program Files\Git\usr\bin\bash.exe"/>
    <property name="awt.toolkit" value="sun.awt.windows.WToolkit"/>
    <property name="NODE_LABELS" value="built-in"/>
    <property name="PROGRAMFILES" value="C:\Program Files (x86)"/>
    <property name="sun.cpu.isalist" value="pentium_pro+mmx pentium_pro pentium+mmx pentium i486 i386 i86"/>
    <property name="USERPROFILE" value="C:\Users\Leonardo.Angelit"/>
    <property name="JOB_DISPLAY_URL" value="http://localhost:8080/job/TestNGRestAssuredJob/display/redirect"/>
    <property name="java.ext.dirs" value="C:\Program Files (x86)\OpenJDK\jdk-8.0.342.07-hotspot\jre\lib\ext;C:\Windows\Sun\Java\lib\ext"/>
    <property name="os.version" value="10.0"/>
    <property name="user.home" value="C:\Users\Leonardo.Angelit"/>
    <property name="USERNAME" value="Leonardo.Angelit"/>
    <property name="_" value="C:/Program Files (x86)/OpenJDK/jdk-8.0.342.07-hotspot/bin/java"/>
    <property name="java.vm.vendor" value="Oracle Corporation"/>
    <property name="PROCESSOR_LEVEL" value="6"/>
    <property name="USERDNSDOMAIN" value="int.audatex.com"/>
    <property name="CommonProgramW6432" value="C:\Program Files\Common Files"/>
    <property name="user.dir" value="C:\Users\Leonardo.Angelit\eclipse-workspace\ApiAutomation"/>
    <property name="maven.conf" value="C:\Program Files\Maven\apache-maven-3.8.6\conf"/>
    <property name="SSH_ASKPASS" value="C:/Program Files/Git/mingw64/bin/git-askpass.exe"/>
    <property name="ProgramW6432" value="C:\Program Files"/>
    <property name="TMP" value="C:\Users\LEONAR~1.ANG\AppData\Local\Temp"/>
    <property name="MINGW_PREFIX" value="C:/Program Files/Git/mingw64"/>
    <property name="sun.cpu.endian" value="little"/>
    <property name="java.vm.version" value="25.342-b07"/>
    <property name="java.class.path" value="C:\Users\Leonardo.Angelit\.jenkins\plugins\maven-plugin\WEB-INF\lib\maven35-agent-1.13.jar;C:\Program Files\Maven\apache-maven-3.8.6\boot\plexus-classworlds-2.6.0.jar;C:\Program Files\Maven\apache-maven-3.8.6/conf/logging"/>
    <property name="org.slf4j.simpleLogger.defaultLogLevel" value="info"/>
    <property name="os.arch" value="x86"/>
    <property name="WORKSPACE" value="C:\Users\Leonardo.Angelit\eclipse-workspace\ApiAutomation"/>
    <property name="RUN_TESTS_DISPLAY_URL" value="http://localhost:8080/job/TestNGRestAssuredJob/19/display/redirect?page=tests"/>
    <property name="sun.java.launcher" value="SUN_STANDARD"/>
    <property name="FPS_BROWSER_APP_PROFILE_STRING" value="Internet Explorer"/>
    <property name="FPS_BROWSER_USER_PROFILE_STRING" value="Default"/>
    <property name="java.vm.specification.vendor" value="Oracle Corporation"/>
    <property name="file.separator" value="\"/>
    <property name="java.runtime.version" value="1.8.0_342-342-b07"/>
    <property name="sun.boot.class.path" value="C:\Program Files (x86)\OpenJDK\jdk-8.0.342.07-hotspot\jre\lib\resources.jar;C:\Program Files (x86)\OpenJDK\jdk-8.0.342.07-hotspot\jre\lib\rt.jar;C:\Program Files (x86)\OpenJDK\jdk-8.0.342.07-hotspot\jre\lib\sunrsasign.jar;C:\Program Files (x86)\OpenJDK\jdk-8.0.342.07-hotspot\jre\lib\jsse.jar;C:\Program Files (x86)\OpenJDK\jdk-8.0.342.07-hotspot\jre\lib\jce.jar;C:\Program Files (x86)\OpenJDK\jdk-8.0.342.07-hotspot\jre\lib\charsets.jar;C:\Program Files (x86)\OpenJDK\jdk-8.0.342.07-hotspot\jre\lib\jfr.jar;C:\Program Files (x86)\OpenJDK\jdk-8.0.342.07-hotspot\jre\classes"/>
    <property name="PATH+JDK" value="C:\Program Files (x86)\OpenJDK\jdk-8.0.342.07-hotspot/bin"/>
    <property name="user.country" value="US"/>
    <property name="MSYSTEM_CHOST" value="x86_64-w64-mingw32"/>
    <property name="POM_PACKAGING" value="jar"/>
    <property name="maven.home" value="C:\Program Files\Maven\apache-maven-3.8.6"/>
    <property name="EXEPATH" value="C:\Program Files\Git"/>
    <property name="ORIGINAL_TMP" value="C:/Users/LEONAR~1.ANG/AppData/Local/Temp"/>
    <property name="JOB_BASE_NAME" value="TestNGRestAssuredJob"/>
    <property name="HOSTNAME" value="DESKTOP-KO67GAM"/>
    <property name="HOME" value="C:\Users\Leonardo.Angelit"/>
    <property name="java.vendor" value="OpenLogic-OpenJDK"/>
    <property name="WINDIR" value="C:\Windows"/>
    <property name="POM_DISPLAYNAME" value="ApiAutomation"/>
    <property name="java.specification.version" value="1.8"/>
    <property name="sun.arch.data.model" value="32"/>
  </properties>
  <testcase classname="ChuckNorrisAPITest" name="apiQueryResponse" time="1.409"/>
  <testcase classname="ChuckNorrisAPITest" name="randomResponse" time="0.39"/>
  <testcase classname="HearthStoneAPITest" name="apiQueryResponse" time="2.014"/>
</testsuite>